<?xml version="1.0" encoding="UTF-8"?>
<!-- Generated by org.testng.reporters.JUnitReportReporter -->
<testsuite hostname="DESKTOP-2J5UPO1" failures="0" tests="1" name="PradeepAutomaion.EndToEnd.ContentCheck" time="25.032" errors="0" timestamp="2021-06-25T19:05:39 IST" skipped="0">
  <testcase classname="PradeepAutomaion.EndToEnd.ContentCheck" name="textCheck" time="25.032"/>
  <system-out/>
</testsuite> <!-- PradeepAutomaion.EndToEnd.ContentCheck -->
